{"C:\\Users\\carso\\OneDrive\\Documents\\repos\\ITM-350-Carson-Test\\src\\palindrome.js": {"path":"C:\\Users\\carso\\OneDrive\\Documents\\repos\\ITM-350-Carson-Test\\src\\palindrome.js","statementMap":{"0":{"start":{"line":1,"column":21},"end":{"line":6,"column":1}},"1":{"start":{"line":2,"column":23},"end":{"line":2,"column":40}},"2":{"start":{"line":3,"column":24},"end":{"line":3,"column":63}},"3":{"start":{"line":4,"column":4},"end":{"line":4,"column":38}},"4":{"start":{"line":8,"column":0},"end":{"line":8,"column":30}}},"fnMap":{"0":{"name":"(anonymous_0)","decl":{"start":{"line":1,"column":21},"end":{"line":1,"column":22}},"loc":{"start":{"line":1,"column":30},"end":{"line":6,"column":1}},"line":1}},"branchMap":{},"s":{"0":1,"1":3,"2":3,"3":3,"4":1},"f":{"0":3},"b":{},"_coverageSchema":"1a1c01bbd47fc00a2c39e90264f33305004495a9","hash":"127f6c9ef6cbf806818a6a1b94a6d9c3049dadba"}
}
